2021-06-23 15:14:17,103 INFO [main] c.v.s.SpringbootLoggingXmlApplication [StartupInfoLogger.java:55] Starting SpringbootLoggingXmlApplication using Java 1.8.0_231 on Kedari-Teja with PID 16144 (C:\Users\hp 15 da0077tx\git\Springboot_Logging_XML\Springboot_Logging_xml\target\classes started by Kedari in C:\Users\hp 15 da0077tx\git\Springboot_Logging_XML\Springboot_Logging_xml)
2021-06-23 15:14:17,110 INFO [main] c.v.s.SpringbootLoggingXmlApplication [SpringApplication.java:659] No active profile set, falling back to default profiles: default
2021-06-23 15:14:32,770 INFO [main] c.v.s.SpringbootLoggingXmlApplication [StartupInfoLogger.java:55] Starting SpringbootLoggingXmlApplication using Java 1.8.0_231 on Kedari-Teja with PID 3100 (C:\Users\hp 15 da0077tx\git\Springboot_Logging_XML\Springboot_Logging_xml\target\classes started by Kedari in C:\Users\hp 15 da0077tx\git\Springboot_Logging_XML\Springboot_Logging_xml)
2021-06-23 15:14:32,777 INFO [main] c.v.s.SpringbootLoggingXmlApplication [SpringApplication.java:659] No active profile set, falling back to default profiles: default
2021-06-23 15:14:34,121 INFO [main] o.s.b.w.e.t.TomcatWebServer [TomcatWebServer.java:108] Tomcat initialized with port(s): 8081 (http)
2021-06-23 15:14:34,134 INFO [main] o.a.c.h.Http11NioProtocol [DirectJDKLog.java:173] Initializing ProtocolHandler ["http-nio-8081"]
2021-06-23 15:14:34,134 INFO [main] o.a.c.c.StandardService [DirectJDKLog.java:173] Starting service [Tomcat]
2021-06-23 15:14:34,135 INFO [main] o.a.c.c.StandardEngine [DirectJDKLog.java:173] Starting Servlet engine: [Apache Tomcat/9.0.46]
2021-06-23 15:14:34,221 INFO [main] o.a.c.c.C.[.[.[/] [DirectJDKLog.java:173] Initializing Spring embedded WebApplicationContext
2021-06-23 15:14:34,222 INFO [main] o.s.b.w.s.c.ServletWebServerApplicationContext [ServletWebServerApplicationContext.java:290] Root WebApplicationContext: initialization completed in 1376 ms
2021-06-23 15:14:34,894 INFO [main] o.a.c.h.Http11NioProtocol [DirectJDKLog.java:173] Starting ProtocolHandler ["http-nio-8081"]
2021-06-23 15:14:34,934 INFO [main] o.s.b.w.e.t.TomcatWebServer [TomcatWebServer.java:220] Tomcat started on port(s): 8081 (http) with context path ''
2021-06-23 15:14:34,951 INFO [main] c.v.s.SpringbootLoggingXmlApplication [StartupInfoLogger.java:61] Started SpringbootLoggingXmlApplication in 2.767 seconds (JVM running for 4.204)
2021-06-23 15:14:40,721 INFO [http-nio-8081-exec-1] o.a.c.c.C.[.[.[/] [DirectJDKLog.java:173] Initializing Spring DispatcherServlet 'dispatcherServlet'
2021-06-23 15:14:40,722 INFO [http-nio-8081-exec-1] o.s.w.s.DispatcherServlet [FrameworkServlet.java:525] Initializing Servlet 'dispatcherServlet'
2021-06-23 15:14:40,723 INFO [http-nio-8081-exec-1] o.s.w.s.DispatcherServlet [FrameworkServlet.java:547] Completed initialization in 1 ms
2021-06-23 15:15:37,110 INFO [main] c.v.s.SpringbootLoggingXmlApplication [StartupInfoLogger.java:55] Starting SpringbootLoggingXmlApplication using Java 1.8.0_231 on Kedari-Teja with PID 15772 (C:\Users\hp 15 da0077tx\git\Springboot_Logging_XML\Springboot_Logging_xml\target\classes started by Kedari in C:\Users\hp 15 da0077tx\git\Springboot_Logging_XML\Springboot_Logging_xml)
2021-06-23 15:15:37,113 INFO [main] c.v.s.SpringbootLoggingXmlApplication [SpringApplication.java:659] No active profile set, falling back to default profiles: default
2021-06-23 15:15:38,343 INFO [main] o.s.b.w.e.t.TomcatWebServer [TomcatWebServer.java:108] Tomcat initialized with port(s): 8081 (http)
2021-06-23 15:15:38,357 INFO [main] o.a.c.h.Http11NioProtocol [DirectJDKLog.java:173] Initializing ProtocolHandler ["http-nio-8081"]
2021-06-23 15:15:38,358 INFO [main] o.a.c.c.StandardService [DirectJDKLog.java:173] Starting service [Tomcat]
2021-06-23 15:15:38,358 INFO [main] o.a.c.c.StandardEngine [DirectJDKLog.java:173] Starting Servlet engine: [Apache Tomcat/9.0.46]
2021-06-23 15:15:38,469 INFO [main] o.a.c.c.C.[.[.[/] [DirectJDKLog.java:173] Initializing Spring embedded WebApplicationContext
2021-06-23 15:15:38,470 INFO [main] o.s.b.w.s.c.ServletWebServerApplicationContext [ServletWebServerApplicationContext.java:290] Root WebApplicationContext: initialization completed in 1297 ms
2021-06-23 15:15:39,127 INFO [main] o.a.c.h.Http11NioProtocol [DirectJDKLog.java:173] Starting ProtocolHandler ["http-nio-8081"]
2021-06-23 15:15:39,142 WARN [main] o.s.b.w.s.c.AnnotationConfigServletWebServerApplicationContext [AbstractApplicationContext.java:591] Exception encountered during context initialization - cancelling refresh attempt: org.springframework.context.ApplicationContextException: Failed to start bean 'webServerStartStop'; nested exception is org.springframework.boot.web.server.PortInUseException: Port 8081 is already in use
2021-06-23 15:15:39,150 INFO [main] o.a.c.h.Http11NioProtocol [DirectJDKLog.java:173] Pausing ProtocolHandler ["http-nio-8081"]
2021-06-23 15:15:39,151 INFO [main] o.a.c.c.StandardService [DirectJDKLog.java:173] Stopping service [Tomcat]
2021-06-23 15:15:39,163 INFO [main] o.a.c.h.Http11NioProtocol [DirectJDKLog.java:173] Stopping ProtocolHandler ["http-nio-8081"]
2021-06-23 15:15:39,164 INFO [main] o.a.c.h.Http11NioProtocol [DirectJDKLog.java:173] Destroying ProtocolHandler ["http-nio-8081"]
2021-06-23 15:15:39,181 INFO [main] o.s.b.a.l.ConditionEvaluationReportLoggingListener [ConditionEvaluationReportLoggingListener.java:136] 

Error starting ApplicationContext. To display the conditions report re-run your application with 'debug' enabled.
2021-06-23 15:15:39,222 ERROR [main] o.s.b.d.LoggingFailureAnalysisReporter [LoggingFailureAnalysisReporter.java:40] 

***************************
APPLICATION FAILED TO START
***************************

Description:

Web server failed to start. Port 8081 was already in use.

Action:

Identify and stop the process that's listening on port 8081 or configure this application to listen on another port.

2021-06-23 15:16:02,090 INFO [main] c.v.s.SpringbootLoggingXmlApplication [StartupInfoLogger.java:55] Starting SpringbootLoggingXmlApplication using Java 1.8.0_231 on Kedari-Teja with PID 11052 (C:\Users\hp 15 da0077tx\git\Springboot_Logging_XML\Springboot_Logging_xml\target\classes started by Kedari in C:\Users\hp 15 da0077tx\git\Springboot_Logging_XML\Springboot_Logging_xml)
2021-06-23 15:16:02,092 INFO [main] c.v.s.SpringbootLoggingXmlApplication [SpringApplication.java:659] No active profile set, falling back to default profiles: default
2021-06-23 15:16:03,313 INFO [main] o.s.b.w.e.t.TomcatWebServer [TomcatWebServer.java:108] Tomcat initialized with port(s): 8081 (http)
2021-06-23 15:16:03,324 INFO [main] o.a.c.h.Http11NioProtocol [DirectJDKLog.java:173] Initializing ProtocolHandler ["http-nio-8081"]
2021-06-23 15:16:03,325 INFO [main] o.a.c.c.StandardService [DirectJDKLog.java:173] Starting service [Tomcat]
2021-06-23 15:16:03,326 INFO [main] o.a.c.c.StandardEngine [DirectJDKLog.java:173] Starting Servlet engine: [Apache Tomcat/9.0.46]
2021-06-23 15:16:03,420 INFO [main] o.a.c.c.C.[.[.[/] [DirectJDKLog.java:173] Initializing Spring embedded WebApplicationContext
2021-06-23 15:16:03,421 INFO [main] o.s.b.w.s.c.ServletWebServerApplicationContext [ServletWebServerApplicationContext.java:290] Root WebApplicationContext: initialization completed in 1265 ms
2021-06-23 15:16:03,876 INFO [main] o.a.c.h.Http11NioProtocol [DirectJDKLog.java:173] Starting ProtocolHandler ["http-nio-8081"]
2021-06-23 15:16:03,908 INFO [main] o.s.b.w.e.t.TomcatWebServer [TomcatWebServer.java:220] Tomcat started on port(s): 8081 (http) with context path ''
2021-06-23 15:16:03,930 INFO [main] c.v.s.SpringbootLoggingXmlApplication [StartupInfoLogger.java:61] Started SpringbootLoggingXmlApplication in 2.548 seconds (JVM running for 3.781)
2021-06-23 15:16:18,048 INFO [http-nio-8081-exec-1] o.a.c.c.C.[.[.[/] [DirectJDKLog.java:173] Initializing Spring DispatcherServlet 'dispatcherServlet'
2021-06-23 15:16:18,049 INFO [http-nio-8081-exec-1] o.s.w.s.DispatcherServlet [FrameworkServlet.java:525] Initializing Servlet 'dispatcherServlet'
2021-06-23 15:16:18,051 INFO [http-nio-8081-exec-1] o.s.w.s.DispatcherServlet [FrameworkServlet.java:547] Completed initialization in 2 ms
2021-06-23 15:43:19,266 INFO [RMI TCP Connection(37)-127.0.0.1] o.s.b.a.SpringApplicationAdminMXBeanRegistrar$SpringApplicationAdmin [SpringApplicationAdminMXBeanRegistrar.java:159] Application shutdown requested.
